This file contains any messages produced by compilers while
running configure, to aid debugging if configure makes a mistake.

It was created by libva_utils configure 2.15.0.pre1, which was
generated by GNU Autoconf 2.69.  Invocation command line was

  $ ./configure 

## --------- ##
## Platform. ##
## --------- ##

hostname = shwdeoffice321
uname -m = x86_64
uname -r = 4.4.0-19041-Microsoft
uname -s = Linux
uname -v = #1237-Microsoft Sat Sep 11 14:32:00 PST 2021

/usr/bin/uname -p = x86_64
/bin/uname -X     = unknown

/bin/arch              = x86_64
/usr/bin/arch -k       = unknown
/usr/convex/getsysinfo = unknown
/usr/bin/hostinfo      = unknown
/bin/machine           = unknown
/usr/bin/oslevel       = unknown
/bin/universe          = unknown

PATH: /root/bin
PATH: /usr/local/sbin
PATH: /usr/local/bin
PATH: /usr/sbin
PATH: /usr/bin
PATH: /sbin
PATH: /bin
PATH: /usr/games
PATH: /usr/local/games


## ----------- ##
## Core tests. ##
## ----------- ##

configure:2388: checking for a BSD-compatible install
configure:2456: result: /usr/bin/install -c
configure:2467: checking whether build environment is sane
configure:2522: result: yes
configure:2671: checking for a thread-safe mkdir -p
configure:2710: result: /usr/bin/mkdir -p
configure:2717: checking for gawk
configure:2733: found /usr/bin/gawk
configure:2744: result: gawk
configure:2755: checking whether make sets $(MAKE)
configure:2777: result: yes
configure:2806: checking whether make supports nested variables
configure:2823: result: yes
configure:2963: checking whether make supports nested variables
configure:2980: result: yes
configure:3066: checking build system type
configure:3080: result: x86_64-pc-linux-gnu
configure:3100: checking host system type
configure:3113: result: x86_64-pc-linux-gnu
configure:3154: checking how to print strings
configure:3181: result: printf
configure:3206: checking whether make supports the include directive
configure:3221: make -f confmf.GNU && cat confinc.out
this is the am__doit target
configure:3224: $? = 0
configure:3243: result: yes (GNU style)
configure:3313: checking for gcc
configure:3329: found /usr/bin/gcc
configure:3340: result: gcc
configure:3569: checking for C compiler version
configure:3578: gcc --version >&5
gcc (Ubuntu 9.3.0-17ubuntu1~20.04) 9.3.0
Copyright (C) 2019 Free Software Foundation, Inc.
This is free software; see the source for copying conditions.  There is NO
warranty; not even for MERCHANTABILITY or FITNESS FOR A PARTICULAR PURPOSE.

configure:3589: $? = 0
configure:3578: gcc -v >&5
Using built-in specs.
COLLECT_GCC=gcc
COLLECT_LTO_WRAPPER=/usr/lib/gcc/x86_64-linux-gnu/9/lto-wrapper
OFFLOAD_TARGET_NAMES=nvptx-none:hsa
OFFLOAD_TARGET_DEFAULT=1
Target: x86_64-linux-gnu
Configured with: ../src/configure -v --with-pkgversion='Ubuntu 9.3.0-17ubuntu1~20.04' --with-bugurl=file:///usr/share/doc/gcc-9/README.Bugs --enable-languages=c,ada,c++,go,brig,d,fortran,objc,obj-c++,gm2 --prefix=/usr --with-gcc-major-version-only --program-suffix=-9 --program-prefix=x86_64-linux-gnu- --enable-shared --enable-linker-build-id --libexecdir=/usr/lib --without-included-gettext --enable-threads=posix --libdir=/usr/lib --enable-nls --enable-clocale=gnu --enable-libstdcxx-debug --enable-libstdcxx-time=yes --with-default-libstdcxx-abi=new --enable-gnu-unique-object --disable-vtable-verify --enable-plugin --enable-default-pie --with-system-zlib --with-target-system-zlib=auto --enable-objc-gc=auto --enable-multiarch --disable-werror --with-arch-32=i686 --with-abi=m64 --with-multilib-list=m32,m64,mx32 --enable-multilib --with-tune=generic --enable-offload-targets=nvptx-none=/build/gcc-9-HskZEa/gcc-9-9.3.0/debian/tmp-nvptx/usr,hsa --without-cuda-driver --enable-checking=release --build=x86_64-linux-gnu --host=x86_64-linux-gnu --target=x86_64-linux-gnu
Thread model: posix
gcc version 9.3.0 (Ubuntu 9.3.0-17ubuntu1~20.04) 
configure:3589: $? = 0
configure:3578: gcc -V >&5
gcc: error: unrecognized command line option '-V'
gcc: fatal error: no input files
compilation terminated.
configure:3589: $? = 1
configure:3578: gcc -qversion >&5
gcc: error: unrecognized command line option '-qversion'; did you mean '--version'?
gcc: fatal error: no input files
compilation terminated.
configure:3589: $? = 1
configure:3609: checking whether the C compiler works
configure:3631: gcc    conftest.c  >&5
configure:3635: $? = 0
configure:3683: result: yes
configure:3686: checking for C compiler default output file name
configure:3688: result: a.out
configure:3694: checking for suffix of executables
configure:3701: gcc -o conftest    conftest.c  >&5
configure:3705: $? = 0
configure:3727: result: 
configure:3749: checking whether we are cross compiling
configure:3757: gcc -o conftest    conftest.c  >&5
configure:3761: $? = 0
configure:3768: ./conftest
configure:3772: $? = 0
configure:3760: result: no
configure:3765: checking for suffix of object files
configure:3787: gcc -c   conftest.c >&5
configure:3791: $? = 0
configure:3812: result: o
configure:3816: checking whether we are using the GNU C compiler
configure:3835: gcc -c   conftest.c >&5
configure:3835: $? = 0
configure:3844: result: yes
configure:3853: checking whether gcc accepts -g
configure:3873: gcc -c -g  conftest.c >&5
configure:3873: $? = 0
configure:3914: result: yes
configure:3931: checking for gcc option to accept ISO C89
configure:3994: gcc  -c -g -O2  conftest.c >&5
configure:3994: $? = 0
configure:4007: result: none needed
configure:4032: checking whether gcc understands -c and -o together
configure:4054: gcc -c conftest.c -o conftest2.o
configure:4057: $? = 0
configure:4054: gcc -c conftest.c -o conftest2.o
configure:4057: $? = 0
configure:4069: result: yes
configure:4088: checking dependency style of gcc
configure:4199: result: gcc3
configure:4214: checking for a sed that does not truncate output
configure:4278: result: /usr/bin/sed
configure:4296: checking for grep that handles long lines and -e
configure:4354: result: /usr/bin/grep
configure:4359: checking for egrep
configure:4421: result: /usr/bin/grep -E
configure:4426: checking for fgrep
configure:4488: result: /usr/bin/grep -F
configure:4523: checking for ld used by gcc
configure:4590: result: /usr/bin/ld
configure:4597: checking if the linker (/usr/bin/ld) is GNU ld
configure:4612: result: yes
configure:4624: checking for BSD- or MS-compatible name lister (nm)
configure:4678: result: /usr/bin/nm -B
configure:4808: checking the name lister (/usr/bin/nm -B) interface
configure:4815: gcc -c -g -O2  conftest.c >&5
configure:4818: /usr/bin/nm -B "conftest.o"
configure:4821: output
0000000000000000 B some_variable
configure:4822: result: BSD nm
configure:4825: checking whether ln -s works
configure:4829: result: yes
configure:4837: checking the maximum length of command line arguments
configure:4968: result: 1572864
configure:5016: checking how to convert x86_64-pc-linux-gnu file names to x86_64-pc-linux-gnu format
configure:5056: result: func_convert_file_noop
configure:5063: checking how to convert x86_64-pc-linux-gnu file names to toolchain format
configure:5083: result: func_convert_file_noop
configure:5090: checking for /usr/bin/ld option to reload object files
configure:5097: result: -r
configure:5171: checking for objdump
configure:5187: found /usr/bin/objdump
configure:5198: result: objdump
configure:5230: checking how to recognize dependent libraries
configure:5430: result: pass_all
configure:5515: checking for dlltool
configure:5545: result: no
configure:5575: checking how to associate runtime and link libraries
configure:5602: result: printf %s\n
configure:5663: checking for ar
configure:5679: found /usr/bin/ar
configure:5690: result: ar
configure:5727: checking for archiver @FILE support
configure:5744: gcc -c -g -O2  conftest.c >&5
configure:5744: $? = 0
configure:5747: ar cr libconftest.a @conftest.lst >&5
configure:5750: $? = 0
configure:5755: ar cr libconftest.a @conftest.lst >&5
ar: conftest.o: No such file or directory
configure:5758: $? = 1
configure:5757: result: @
configure:5815: checking for strip
configure:5831: found /usr/bin/strip
configure:5842: result: strip
configure:5914: checking for ranlib
configure:5930: found /usr/bin/ranlib
configure:5941: result: ranlib
configure:6043: checking command to parse /usr/bin/nm -B output from gcc object
configure:6196: gcc -c -g -O2  conftest.c >&5
configure:6199: $? = 0
configure:6203: /usr/bin/nm -B conftest.o | sed -n -e 's/^.*[	 ]\([ABCDGIRSTW][ABCDGIRSTW]*\)[	 ][	 ]*\([_A-Za-z][_A-Za-z0-9]*\)$/\1 \2 \2/p' | sed '/ __gnu_lto/d' > conftest.nm
configure:6269: gcc -o conftest -g -O2   conftest.c conftstm.o >&5
configure:6272: $? = 0
configure:6310: result: ok
configure:6357: checking for sysroot
configure:6387: result: no
configure:6394: checking for a working dd
configure:6432: result: /usr/bin/dd
configure:6436: checking how to truncate binary pipes
configure:6451: result: /usr/bin/dd bs=4096 count=1
configure:6587: gcc -c -g -O2  conftest.c >&5
configure:6590: $? = 0
configure:6780: checking for mt
configure:6796: found /usr/bin/mt
configure:6807: result: mt
configure:6830: checking if mt is a manifest tool
configure:6836: mt '-?'
configure:6844: result: no
configure:7521: checking how to run the C preprocessor
configure:7552: gcc -E  conftest.c
configure:7552: $? = 0
configure:7566: gcc -E  conftest.c
conftest.c:11:10: fatal error: ac_nonexistent.h: No such file or directory
   11 | #include <ac_nonexistent.h>
      |          ^~~~~~~~~~~~~~~~~~
compilation terminated.
configure:7566: $? = 1
configure: failed program was:
| /* confdefs.h */
| #define PACKAGE_NAME "libva_utils"
| #define PACKAGE_TARNAME "libva-utils"
| #define PACKAGE_VERSION "2.15.0.pre1"
| #define PACKAGE_STRING "libva_utils 2.15.0.pre1"
| #define PACKAGE_BUGREPORT "https://github.com/intel/libva-utils/issues/new"
| #define PACKAGE_URL "https://github.com/intel/libva-utils"
| #define PACKAGE "libva-utils"
| #define VERSION "2.15.0.pre1"
| /* end confdefs.h.  */
| #include <ac_nonexistent.h>
configure:7591: result: gcc -E
configure:7611: gcc -E  conftest.c
configure:7611: $? = 0
configure:7625: gcc -E  conftest.c
conftest.c:11:10: fatal error: ac_nonexistent.h: No such file or directory
   11 | #include <ac_nonexistent.h>
      |          ^~~~~~~~~~~~~~~~~~
compilation terminated.
configure:7625: $? = 1
configure: failed program was:
| /* confdefs.h */
| #define PACKAGE_NAME "libva_utils"
| #define PACKAGE_TARNAME "libva-utils"
| #define PACKAGE_VERSION "2.15.0.pre1"
| #define PACKAGE_STRING "libva_utils 2.15.0.pre1"
| #define PACKAGE_BUGREPORT "https://github.com/intel/libva-utils/issues/new"
| #define PACKAGE_URL "https://github.com/intel/libva-utils"
| #define PACKAGE "libva-utils"
| #define VERSION "2.15.0.pre1"
| /* end confdefs.h.  */
| #include <ac_nonexistent.h>
configure:7654: checking for ANSI C header files
configure:7674: gcc -c -g -O2  conftest.c >&5
configure:7674: $? = 0
configure:7747: gcc -o conftest -g -O2   conftest.c  >&5
configure:7747: $? = 0
configure:7747: ./conftest
configure:7747: $? = 0
configure:7758: result: yes
configure:7771: checking for sys/types.h
configure:7771: gcc -c -g -O2  conftest.c >&5
configure:7771: $? = 0
configure:7771: result: yes
configure:7771: checking for sys/stat.h
configure:7771: gcc -c -g -O2  conftest.c >&5
configure:7771: $? = 0
configure:7771: result: yes
configure:7771: checking for stdlib.h
configure:7771: gcc -c -g -O2  conftest.c >&5
configure:7771: $? = 0
configure:7771: result: yes
configure:7771: checking for string.h
configure:7771: gcc -c -g -O2  conftest.c >&5
configure:7771: $? = 0
configure:7771: result: yes
configure:7771: checking for memory.h
configure:7771: gcc -c -g -O2  conftest.c >&5
configure:7771: $? = 0
configure:7771: result: yes
configure:7771: checking for strings.h
configure:7771: gcc -c -g -O2  conftest.c >&5
configure:7771: $? = 0
configure:7771: result: yes
configure:7771: checking for inttypes.h
configure:7771: gcc -c -g -O2  conftest.c >&5
configure:7771: $? = 0
configure:7771: result: yes
configure:7771: checking for stdint.h
configure:7771: gcc -c -g -O2  conftest.c >&5
configure:7771: $? = 0
configure:7771: result: yes
configure:7771: checking for unistd.h
configure:7771: gcc -c -g -O2  conftest.c >&5
configure:7771: $? = 0
configure:7771: result: yes
configure:7785: checking for dlfcn.h
configure:7785: gcc -c -g -O2  conftest.c >&5
configure:7785: $? = 0
configure:7785: result: yes
configure:8041: checking for objdir
configure:8056: result: .libs
configure:8320: checking if gcc supports -fno-rtti -fno-exceptions
configure:8338: gcc -c -g -O2  -fno-rtti -fno-exceptions conftest.c >&5
cc1: warning: command line option '-fno-rtti' is valid for C++/D/ObjC++ but not for C
configure:8342: $? = 0
configure:8355: result: no
configure:8719: checking for gcc option to produce PIC
configure:8726: result: -fPIC -DPIC
configure:8734: checking if gcc PIC flag -fPIC -DPIC works
configure:8752: gcc -c -g -O2  -fPIC -DPIC -DPIC conftest.c >&5
configure:8756: $? = 0
configure:8769: result: yes
configure:8798: checking if gcc static flag -static works
configure:8826: result: yes
configure:8841: checking if gcc supports -c -o file.o
configure:8862: gcc -c -g -O2  -o out/conftest2.o conftest.c >&5
configure:8866: $? = 0
configure:8888: result: yes
configure:8896: checking if gcc supports -c -o file.o
configure:8943: result: yes
configure:8976: checking whether the gcc linker (/usr/bin/ld -m elf_x86_64) supports shared libraries
configure:10239: result: yes
configure:10276: checking whether -lc should be explicitly linked in
configure:10284: gcc -c -g -O2  conftest.c >&5
configure:10287: $? = 0
configure:10302: gcc -shared  -fPIC -DPIC conftest.o  -v -Wl,-soname -Wl,conftest -o conftest 2\>\&1 \| /usr/bin/grep  -lc  \>/dev/null 2\>\&1
configure:10305: $? = 0
configure:10319: result: no
configure:10479: checking dynamic linker characteristics
configure:11060: gcc -o conftest -g -O2   -Wl,-rpath -Wl,/foo conftest.c  >&5
configure:11060: $? = 0
configure:11309: result: GNU/Linux ld.so
configure:11431: checking how to hardcode library paths into programs
configure:11456: result: immediate
configure:12004: checking whether stripping libraries is possible
configure:12009: result: yes
configure:12044: checking if libtool supports shared libraries
configure:12046: result: yes
configure:12049: checking whether to build shared libraries
configure:12074: result: yes
configure:12077: checking whether to build static libraries
configure:12081: result: yes
configure:8970: checking for gcc
configure:8997: result: gcc
configure:9226: checking for C compiler version
configure:9235: gcc --version >&5
gcc (Ubuntu 9.3.0-17ubuntu1~20.04) 9.3.0
Copyright (C) 2019 Free Software Foundation, Inc.
This is free software; see the source for copying conditions.  There is NO
warranty; not even for MERCHANTABILITY or FITNESS FOR A PARTICULAR PURPOSE.

configure:9246: $? = 0
configure:9235: gcc -v >&5
Using built-in specs.
COLLECT_GCC=gcc
COLLECT_LTO_WRAPPER=/usr/lib/gcc/x86_64-linux-gnu/9/lto-wrapper
OFFLOAD_TARGET_NAMES=nvptx-none:hsa
OFFLOAD_TARGET_DEFAULT=1
Target: x86_64-linux-gnu
Configured with: ../src/configure -v --with-pkgversion='Ubuntu 9.3.0-17ubuntu1~20.04' --with-bugurl=file:///usr/share/doc/gcc-9/README.Bugs --enable-languages=c,ada,c++,go,brig,d,fortran,objc,obj-c++,gm2 --prefix=/usr --with-gcc-major-version-only --program-suffix=-9 --program-prefix=x86_64-linux-gnu- --enable-shared --enable-linker-build-id --libexecdir=/usr/lib --without-included-gettext --enable-threads=posix --libdir=/usr/lib --enable-nls --enable-clocale=gnu --enable-libstdcxx-debug --enable-libstdcxx-time=yes --with-default-libstdcxx-abi=new --enable-gnu-unique-object --disable-vtable-verify --enable-plugin --enable-default-pie --with-system-zlib --with-target-system-zlib=auto --enable-objc-gc=auto --enable-multiarch --disable-werror --with-arch-32=i686 --with-abi=m64 --with-multilib-list=m32,m64,mx32 --enable-multilib --with-tune=generic --enable-offload-targets=nvptx-none=/build/gcc-9-HskZEa/gcc-9-9.3.0/debian/tmp-nvptx/usr,hsa --without-cuda-driver --enable-checking=release --build=x86_64-linux-gnu --host=x86_64-linux-gnu --target=x86_64-linux-gnu
Thread model: posix
gcc version 9.3.0 (Ubuntu 9.3.0-17ubuntu1~20.04) 
configure:9246: $? = 0
configure:9235: gcc -V >&5
gcc: error: unrecognized command line option '-V'
gcc: fatal error: no input files
compilation terminated.
configure:9246: $? = 1
configure:9235: gcc -qversion >&5
gcc: error: unrecognized command line option '-qversion'; did you mean '--version'?
gcc: fatal error: no input files
compilation terminated.
configure:9246: $? = 1
configure:9250: checking whether we are using the GNU C compiler
configure:9278: result: yes
configure:9287: checking whether gcc accepts -g
configure:9348: result: yes
configure:9365: checking for gcc option to accept ISO C89
configure:9441: result: none needed
configure:9466: checking whether gcc understands -c and -o together
configure:9503: result: yes
configure:9522: checking dependency style of gcc
configure:9633: result: gcc3
configure:9706: checking for g++
configure:9722: found /usr/bin/g++
configure:9733: result: g++
configure:9760: checking for C++ compiler version
configure:9769: g++ --version >&5
g++ (Ubuntu 9.3.0-17ubuntu1~20.04) 9.3.0
Copyright (C) 2019 Free Software Foundation, Inc.
This is free software; see the source for copying conditions.  There is NO
warranty; not even for MERCHANTABILITY or FITNESS FOR A PARTICULAR PURPOSE.

configure:9780: $? = 0
configure:9769: g++ -v >&5
Using built-in specs.
COLLECT_GCC=g++
COLLECT_LTO_WRAPPER=/usr/lib/gcc/x86_64-linux-gnu/9/lto-wrapper
OFFLOAD_TARGET_NAMES=nvptx-none:hsa
OFFLOAD_TARGET_DEFAULT=1
Target: x86_64-linux-gnu
Configured with: ../src/configure -v --with-pkgversion='Ubuntu 9.3.0-17ubuntu1~20.04' --with-bugurl=file:///usr/share/doc/gcc-9/README.Bugs --enable-languages=c,ada,c++,go,brig,d,fortran,objc,obj-c++,gm2 --prefix=/usr --with-gcc-major-version-only --program-suffix=-9 --program-prefix=x86_64-linux-gnu- --enable-shared --enable-linker-build-id --libexecdir=/usr/lib --without-included-gettext --enable-threads=posix --libdir=/usr/lib --enable-nls --enable-clocale=gnu --enable-libstdcxx-debug --enable-libstdcxx-time=yes --with-default-libstdcxx-abi=new --enable-gnu-unique-object --disable-vtable-verify --enable-plugin --enable-default-pie --with-system-zlib --with-target-system-zlib=auto --enable-objc-gc=auto --enable-multiarch --disable-werror --with-arch-32=i686 --with-abi=m64 --with-multilib-list=m32,m64,mx32 --enable-multilib --with-tune=generic --enable-offload-targets=nvptx-none=/build/gcc-9-HskZEa/gcc-9-9.3.0/debian/tmp-nvptx/usr,hsa --without-cuda-driver --enable-checking=release --build=x86_64-linux-gnu --host=x86_64-linux-gnu --target=x86_64-linux-gnu
Thread model: posix
gcc version 9.3.0 (Ubuntu 9.3.0-17ubuntu1~20.04) 
configure:9780: $? = 0
configure:9769: g++ -V >&5
g++: error: unrecognized command line option '-V'
g++: fatal error: no input files
compilation terminated.
configure:9780: $? = 1
configure:9769: g++ -qversion >&5
g++: error: unrecognized command line option '-qversion'; did you mean '--version'?
g++: fatal error: no input files
compilation terminated.
configure:9780: $? = 1
configure:9784: checking whether we are using the GNU C++ compiler
configure:9803: g++ -c   conftest.cpp >&5
configure:9803: $? = 0
configure:9812: result: yes
configure:9821: checking whether g++ accepts -g
configure:9841: g++ -c -g  conftest.cpp >&5
configure:9841: $? = 0
configure:9882: result: yes
configure:9907: checking dependency style of g++
configure:10018: result: gcc3
configure:10051: checking how to run the C++ preprocessor
configure:10078: g++ -E  conftest.cpp
configure:10078: $? = 0
configure:10092: g++ -E  conftest.cpp
conftest.cpp:23:10: fatal error: ac_nonexistent.h: No such file or directory
   23 | #include <ac_nonexistent.h>
      |          ^~~~~~~~~~~~~~~~~~
compilation terminated.
configure:10092: $? = 1
configure: failed program was:
| /* confdefs.h */
| #define PACKAGE_NAME "libva_utils"
| #define PACKAGE_TARNAME "libva-utils"
| #define PACKAGE_VERSION "2.15.0.pre1"
| #define PACKAGE_STRING "libva_utils 2.15.0.pre1"
| #define PACKAGE_BUGREPORT "https://github.com/intel/libva-utils/issues/new"
| #define PACKAGE_URL "https://github.com/intel/libva-utils"
| #define PACKAGE "libva-utils"
| #define VERSION "2.15.0.pre1"
| #define STDC_HEADERS 1
| #define HAVE_SYS_TYPES_H 1
| #define HAVE_SYS_STAT_H 1
| #define HAVE_STDLIB_H 1
| #define HAVE_STRING_H 1
| #define HAVE_MEMORY_H 1
| #define HAVE_STRINGS_H 1
| #define HAVE_INTTYPES_H 1
| #define HAVE_STDINT_H 1
| #define HAVE_UNISTD_H 1
| #define HAVE_DLFCN_H 1
| #define LT_OBJDIR ".libs/"
| /* end confdefs.h.  */
| #include <ac_nonexistent.h>
configure:10117: result: g++ -E
configure:10137: g++ -E  conftest.cpp
configure:10137: $? = 0
configure:10151: g++ -E  conftest.cpp
conftest.cpp:23:10: fatal error: ac_nonexistent.h: No such file or directory
   23 | #include <ac_nonexistent.h>
      |          ^~~~~~~~~~~~~~~~~~
compilation terminated.
configure:10151: $? = 1
configure: failed program was:
| /* confdefs.h */
| #define PACKAGE_NAME "libva_utils"
| #define PACKAGE_TARNAME "libva-utils"
| #define PACKAGE_VERSION "2.15.0.pre1"
| #define PACKAGE_STRING "libva_utils 2.15.0.pre1"
| #define PACKAGE_BUGREPORT "https://github.com/intel/libva-utils/issues/new"
| #define PACKAGE_URL "https://github.com/intel/libva-utils"
| #define PACKAGE "libva-utils"
| #define VERSION "2.15.0.pre1"
| #define STDC_HEADERS 1
| #define HAVE_SYS_TYPES_H 1
| #define HAVE_SYS_STAT_H 1
| #define HAVE_STDLIB_H 1
| #define HAVE_STRING_H 1
| #define HAVE_MEMORY_H 1
| #define HAVE_STRINGS_H 1
| #define HAVE_INTTYPES_H 1
| #define HAVE_STDINT_H 1
| #define HAVE_UNISTD_H 1
| #define HAVE_DLFCN_H 1
| #define LT_OBJDIR ".libs/"
| /* end confdefs.h.  */
| #include <ac_nonexistent.h>
configure:10313: checking for ld used by g++
configure:10380: result: /usr/bin/ld -m elf_x86_64
configure:10387: checking if the linker (/usr/bin/ld -m elf_x86_64) is GNU ld
configure:10402: result: yes
configure:10457: checking whether the g++ linker (/usr/bin/ld -m elf_x86_64) supports shared libraries
configure:11530: result: yes
configure:11566: g++ -c -g -O2  conftest.cpp >&5
configure:11569: $? = 0
configure:12050: checking for g++ option to produce PIC
configure:12057: result: -fPIC -DPIC
configure:12065: checking if g++ PIC flag -fPIC -DPIC works
configure:12083: g++ -c -g -O2  -fPIC -DPIC -DPIC conftest.cpp >&5
configure:12087: $? = 0
configure:12100: result: yes
configure:12123: checking if g++ static flag -static works
configure:12151: result: yes
configure:12163: checking if g++ supports -c -o file.o
configure:12184: g++ -c -g -O2  -o out/conftest2.o conftest.cpp >&5
configure:12188: $? = 0
configure:12210: result: yes
configure:12215: checking if g++ supports -c -o file.o
configure:12262: result: yes
configure:12292: checking whether the g++ linker (/usr/bin/ld -m elf_x86_64) supports shared libraries
configure:12335: result: yes
configure:12476: checking dynamic linker characteristics
configure:13233: result: GNU/Linux ld.so
configure:13298: checking how to hardcode library paths into programs
configure:13323: result: immediate
configure:12249: checking for pkg-config
configure:12267: found /usr/bin/pkg-config
configure:12279: result: /usr/bin/pkg-config
configure:12304: checking pkg-config is at least version 0.9.0
configure:12307: result: yes
configure:12316: checking for ANSI C header files
configure:12420: result: yes
configure:12435: checking for special C compiler options needed for large files
configure:12480: result: no
configure:12486: checking for _FILE_OFFSET_BITS value needed for large files
configure:12511: gcc -c -g -O2  conftest.c >&5
configure:12511: $? = 0
configure:12543: result: no
configure:12630: checking whether __attribute__((visibility())) is supported
configure:12650: result: yes
configure:12661: checking whether gcc accepts -fstack-protector
configure:12676: gcc -o conftest -g -O2 -fstack-protector   conftest.c  >&5
conftest.c: In function 'main':
conftest.c:29:1: warning: implicit declaration of function 'alloca' [-Wimplicit-function-declaration]
   29 | alloca(100);
      | ^~~~~~
conftest.c:29:1: warning: incompatible implicit declaration of built-in function 'alloca'
configure:12676: $? = 0
configure:12683: result: yes
configure:12705: checking for LIBVA_DRM
configure:12712: $PKG_CONFIG --exists --print-errors "libva-drm"
configure:12715: $? = 0
configure:12729: $PKG_CONFIG --exists --print-errors "libva-drm"
configure:12732: $? = 0
configure:12790: result: yes
configure:12796: checking for DRM
configure:12803: $PKG_CONFIG --exists --print-errors "libdrm"
configure:12806: $? = 0
configure:12820: $PKG_CONFIG --exists --print-errors "libdrm"
configure:12823: $? = 0
configure:12881: result: yes
configure:12890: checking for LIBVA
configure:12897: $PKG_CONFIG --exists --print-errors "libva >= $LIBVA_API_MIN_VERSION"
configure:12900: $? = 0
configure:12914: $PKG_CONFIG --exists --print-errors "libva >= $LIBVA_API_MIN_VERSION"
configure:12917: $? = 0
configure:12975: result: yes
configure:13009: checking for X11
configure:13016: $PKG_CONFIG --exists --print-errors "x11 libva-x11"
configure:13019: $? = 0
configure:13033: $PKG_CONFIG --exists --print-errors "x11 libva-x11"
configure:13036: $? = 0
configure:13074: result: yes
configure:13105: checking for WAYLAND
configure:13112: $PKG_CONFIG --exists --print-errors "wayland-client >= 1.0.0 libva-wayland"
Package wayland-client was not found in the pkg-config search path.
Perhaps you should add the directory containing `wayland-client.pc'
to the PKG_CONFIG_PATH environment variable
No package 'wayland-client' found
Package libva-wayland was not found in the pkg-config search path.
Perhaps you should add the directory containing `libva-wayland.pc'
to the PKG_CONFIG_PATH environment variable
No package 'libva-wayland' found
configure:13115: $? = 1
configure:13129: $PKG_CONFIG --exists --print-errors "wayland-client >= 1.0.0 libva-wayland"
Package wayland-client was not found in the pkg-config search path.
Perhaps you should add the directory containing `wayland-client.pc'
to the PKG_CONFIG_PATH environment variable
No package 'wayland-client' found
Package libva-wayland was not found in the pkg-config search path.
Perhaps you should add the directory containing `libva-wayland.pc'
to the PKG_CONFIG_PATH environment variable
No package 'libva-wayland' found
configure:13132: $? = 1
configure:13146: result: no
No package 'wayland-client' found
No package 'libva-wayland' found
configure:13357: checking that generated files are newer than configure
configure:13363: result: done
configure:13414: creating ./config.status

## ---------------------- ##
## Running config.status. ##
## ---------------------- ##

This file was extended by libva_utils config.status 2.15.0.pre1, which was
generated by GNU Autoconf 2.69.  Invocation command line was

  CONFIG_FILES    = 
  CONFIG_HEADERS  = 
  CONFIG_LINKS    = 
  CONFIG_COMMANDS = 
  $ ./config.status 

on shwdeoffice321

config.status:1190: creating Makefile
config.status:1190: creating common/Makefile
config.status:1190: creating test/Makefile
config.status:1190: creating vainfo/Makefile
config.status:1190: creating encode/Makefile
config.status:1190: creating decode/Makefile
config.status:1190: creating putsurface/Makefile
config.status:1190: creating videoprocess/Makefile
config.status:1190: creating vendor/intel/Makefile
config.status:1190: creating vendor/intel/sfcsample/Makefile
config.status:1190: creating config.h
config.status:1419: executing depfiles commands
config.status:1496: cd common       && sed -e '/# am--include-marker/d' Makefile         | make -f - am--depfiles
config.status:1501: $? = 0
config.status:1496: cd test       && sed -e '/# am--include-marker/d' Makefile         | make -f - am--depfiles
config.status:1501: $? = 0
config.status:1496: cd vainfo       && sed -e '/# am--include-marker/d' Makefile         | make -f - am--depfiles
config.status:1501: $? = 0
config.status:1496: cd encode       && sed -e '/# am--include-marker/d' Makefile         | make -f - am--depfiles
config.status:1501: $? = 0
config.status:1496: cd decode       && sed -e '/# am--include-marker/d' Makefile         | make -f - am--depfiles
config.status:1501: $? = 0
config.status:1496: cd putsurface       && sed -e '/# am--include-marker/d' Makefile         | make -f - am--depfiles
config.status:1501: $? = 0
config.status:1496: cd videoprocess       && sed -e '/# am--include-marker/d' Makefile         | make -f - am--depfiles
config.status:1501: $? = 0
config.status:1496: cd vendor/intel       && sed -e '/# am--include-marker/d' Makefile         | make -f - am--depfiles
config.status:1501: $? = 0
config.status:1496: cd vendor/intel/sfcsample       && sed -e '/# am--include-marker/d' Makefile         | make -f - am--depfiles
config.status:1501: $? = 0
config.status:1419: executing libtool commands

## ---------------- ##
## Cache variables. ##
## ---------------- ##

ac_cv_build=x86_64-pc-linux-gnu
ac_cv_c_compiler_gnu=yes
ac_cv_cxx_compiler_gnu=yes
ac_cv_env_CCC_set=
ac_cv_env_CCC_value=
ac_cv_env_CC_set=
ac_cv_env_CC_value=
ac_cv_env_CFLAGS_set=
ac_cv_env_CFLAGS_value=
ac_cv_env_CPPFLAGS_set=
ac_cv_env_CPPFLAGS_value=
ac_cv_env_CPP_set=
ac_cv_env_CPP_value=
ac_cv_env_CXXCPP_set=
ac_cv_env_CXXCPP_value=
ac_cv_env_CXXFLAGS_set=
ac_cv_env_CXXFLAGS_value=
ac_cv_env_CXX_set=
ac_cv_env_CXX_value=
ac_cv_env_DRM_CFLAGS_set=
ac_cv_env_DRM_CFLAGS_value=
ac_cv_env_DRM_LIBS_set=
ac_cv_env_DRM_LIBS_value=
ac_cv_env_LDFLAGS_set=
ac_cv_env_LDFLAGS_value=
ac_cv_env_LIBS_set=
ac_cv_env_LIBS_value=
ac_cv_env_LIBVA_CFLAGS_set=
ac_cv_env_LIBVA_CFLAGS_value=
ac_cv_env_LIBVA_DRM_CFLAGS_set=
ac_cv_env_LIBVA_DRM_CFLAGS_value=
ac_cv_env_LIBVA_DRM_LIBS_set=
ac_cv_env_LIBVA_DRM_LIBS_value=
ac_cv_env_LIBVA_LIBS_set=
ac_cv_env_LIBVA_LIBS_value=
ac_cv_env_LT_SYS_LIBRARY_PATH_set=
ac_cv_env_LT_SYS_LIBRARY_PATH_value=
ac_cv_env_PKG_CONFIG_LIBDIR_set=
ac_cv_env_PKG_CONFIG_LIBDIR_value=
ac_cv_env_PKG_CONFIG_PATH_set=
ac_cv_env_PKG_CONFIG_PATH_value=
ac_cv_env_PKG_CONFIG_set=
ac_cv_env_PKG_CONFIG_value=
ac_cv_env_WAYLAND_CFLAGS_set=
ac_cv_env_WAYLAND_CFLAGS_value=
ac_cv_env_WAYLAND_LIBS_set=
ac_cv_env_WAYLAND_LIBS_value=
ac_cv_env_X11_CFLAGS_set=
ac_cv_env_X11_CFLAGS_value=
ac_cv_env_X11_LIBS_set=
ac_cv_env_X11_LIBS_value=
ac_cv_env_build_alias_set=
ac_cv_env_build_alias_value=
ac_cv_env_host_alias_set=
ac_cv_env_host_alias_value=
ac_cv_env_target_alias_set=
ac_cv_env_target_alias_value=
ac_cv_have_gnuc_visibility_attribute=yes
ac_cv_header_dlfcn_h=yes
ac_cv_header_inttypes_h=yes
ac_cv_header_memory_h=yes
ac_cv_header_stdc=yes
ac_cv_header_stdint_h=yes
ac_cv_header_stdlib_h=yes
ac_cv_header_string_h=yes
ac_cv_header_strings_h=yes
ac_cv_header_sys_stat_h=yes
ac_cv_header_sys_types_h=yes
ac_cv_header_unistd_h=yes
ac_cv_host=x86_64-pc-linux-gnu
ac_cv_objext=o
ac_cv_path_EGREP='/usr/bin/grep -E'
ac_cv_path_FGREP='/usr/bin/grep -F'
ac_cv_path_GREP=/usr/bin/grep
ac_cv_path_SED=/usr/bin/sed
ac_cv_path_ac_pt_PKG_CONFIG=/usr/bin/pkg-config
ac_cv_path_install='/usr/bin/install -c'
ac_cv_path_lt_DD=/usr/bin/dd
ac_cv_path_mkdir=/usr/bin/mkdir
ac_cv_prog_AWK=gawk
ac_cv_prog_CPP='gcc -E'
ac_cv_prog_CXXCPP='g++ -E'
ac_cv_prog_ac_ct_AR=ar
ac_cv_prog_ac_ct_CC=gcc
ac_cv_prog_ac_ct_CXX=g++
ac_cv_prog_ac_ct_MANIFEST_TOOL=mt
ac_cv_prog_ac_ct_OBJDUMP=objdump
ac_cv_prog_ac_ct_RANLIB=ranlib
ac_cv_prog_ac_ct_STRIP=strip
ac_cv_prog_cc_c89=
ac_cv_prog_cc_g=yes
ac_cv_prog_cxx_g=yes
ac_cv_prog_make_make_set=yes
ac_cv_sys_file_offset_bits=no
ac_cv_sys_largefile_CC=no
am_cv_CC_dependencies_compiler_type=gcc3
am_cv_CXX_dependencies_compiler_type=gcc3
am_cv_make_support_nested_variables=yes
am_cv_prog_cc_c_o=yes
lt_cv_ar_at_file=@
lt_cv_archive_cmds_need_lc=no
lt_cv_deplibs_check_method=pass_all
lt_cv_file_magic_cmd='$MAGIC_CMD'
lt_cv_file_magic_test_file=
lt_cv_ld_reload_flag=-r
lt_cv_nm_interface='BSD nm'
lt_cv_objdir=.libs
lt_cv_path_LD=/usr/bin/ld
lt_cv_path_LDCXX='/usr/bin/ld -m elf_x86_64'
lt_cv_path_NM='/usr/bin/nm -B'
lt_cv_path_mainfest_tool=no
lt_cv_prog_compiler_c_o=yes
lt_cv_prog_compiler_c_o_CXX=yes
lt_cv_prog_compiler_pic='-fPIC -DPIC'
lt_cv_prog_compiler_pic_CXX='-fPIC -DPIC'
lt_cv_prog_compiler_pic_works=yes
lt_cv_prog_compiler_pic_works_CXX=yes
lt_cv_prog_compiler_rtti_exceptions=no
lt_cv_prog_compiler_static_works=yes
lt_cv_prog_compiler_static_works_CXX=yes
lt_cv_prog_gnu_ld=yes
lt_cv_prog_gnu_ldcxx=yes
lt_cv_sharedlib_from_linklib_cmd='printf %s\n'
lt_cv_shlibpath_overrides_runpath=yes
lt_cv_sys_global_symbol_pipe='sed -n -e '\''s/^.*[	 ]\([ABCDGIRSTW][ABCDGIRSTW]*\)[	 ][	 ]*\([_A-Za-z][_A-Za-z0-9]*\)$/\1 \2 \2/p'\'' | sed '\''/ __gnu_lto/d'\'''
lt_cv_sys_global_symbol_to_c_name_address='sed -n -e '\''s/^: \(.*\) .*$/  {"\1", (void *) 0},/p'\'' -e '\''s/^[ABCDGIRSTW][ABCDGIRSTW]* .* \(.*\)$/  {"\1", (void *) \&\1},/p'\'''
lt_cv_sys_global_symbol_to_c_name_address_lib_prefix='sed -n -e '\''s/^: \(.*\) .*$/  {"\1", (void *) 0},/p'\'' -e '\''s/^[ABCDGIRSTW][ABCDGIRSTW]* .* \(lib.*\)$/  {"\1", (void *) \&\1},/p'\'' -e '\''s/^[ABCDGIRSTW][ABCDGIRSTW]* .* \(.*\)$/  {"lib\1", (void *) \&\1},/p'\'''
lt_cv_sys_global_symbol_to_cdecl='sed -n -e '\''s/^T .* \(.*\)$/extern int \1();/p'\'' -e '\''s/^[ABCDGIRSTW][ABCDGIRSTW]* .* \(.*\)$/extern char \1;/p'\'''
lt_cv_sys_global_symbol_to_import=
lt_cv_sys_max_cmd_len=1572864
lt_cv_to_host_file_cmd=func_convert_file_noop
lt_cv_to_tool_file_cmd=func_convert_file_noop
lt_cv_truncate_bin='/usr/bin/dd bs=4096 count=1'
pkg_cv_DRM_CFLAGS=-I/usr/include/libdrm
pkg_cv_DRM_LIBS=-ldrm
pkg_cv_LIBVA_CFLAGS=
pkg_cv_LIBVA_DRM_CFLAGS=
pkg_cv_LIBVA_DRM_LIBS='-lva-drm -lva'
pkg_cv_LIBVA_LIBS=-lva
pkg_cv_X11_CFLAGS=
pkg_cv_X11_LIBS='-lX11 -lva-x11 -lva'

## ----------------- ##
## Output variables. ##
## ----------------- ##

ACLOCAL='${SHELL} /mnt/e/libvaworkspace/libva-utils/missing aclocal-1.16'
AMDEPBACKSLASH='\'
AMDEP_FALSE='#'
AMDEP_TRUE=''
AMTAR='$${TAR-tar}'
AM_BACKSLASH='\'
AM_DEFAULT_V='$(AM_DEFAULT_VERBOSITY)'
AM_DEFAULT_VERBOSITY='0'
AM_V='$(V)'
AR='ar'
AUTOCONF='${SHELL} /mnt/e/libvaworkspace/libva-utils/missing autoconf'
AUTOHEADER='${SHELL} /mnt/e/libvaworkspace/libva-utils/missing autoheader'
AUTOMAKE='${SHELL} /mnt/e/libvaworkspace/libva-utils/missing automake-1.16'
AWK='gawk'
CC='gcc'
CCDEPMODE='depmode=gcc3'
CFLAGS='-g -O2 -fstack-protector'
CPP='gcc -E'
CPPFLAGS=''
CXX='g++'
CXXCPP='g++ -E'
CXXDEPMODE='depmode=gcc3'
CXXFLAGS='-g -O2'
CYGPATH_W='echo'
DEFS='-DHAVE_CONFIG_H'
DEPDIR='.deps'
DLLTOOL='false'
DRM_CFLAGS='-I/usr/include/libdrm'
DRM_LIBS='-ldrm'
DSYMUTIL=''
DUMPBIN=''
ECHO_C=''
ECHO_N='-n'
ECHO_T=''
EGREP='/usr/bin/grep -E'
ENABLE_TESTS_FALSE=''
ENABLE_TESTS_TRUE='#'
EXEEXT=''
FGREP='/usr/bin/grep -F'
GREP='/usr/bin/grep'
INSTALL_DATA='${INSTALL} -m 644'
INSTALL_PROGRAM='${INSTALL}'
INSTALL_SCRIPT='${INSTALL}'
INSTALL_STRIP_PROGRAM='$(install_sh) -c -s'
LD='/usr/bin/ld -m elf_x86_64'
LDFLAGS=''
LIBOBJS=''
LIBS=''
LIBTOOL='$(SHELL) $(top_builddir)/libtool'
LIBVA_CFLAGS=''
LIBVA_DRM_CFLAGS=''
LIBVA_DRM_LIBS='-lva-drm -lva'
LIBVA_LIBS='-lva'
LIBVA_UTILS_MAJOR_VERSION='2'
LIBVA_UTILS_MICRO_VERSION='0'
LIBVA_UTILS_MINOR_VERSION='15'
LIBVA_UTILS_VERSION='2.15.0.pre1'
LIBVA_VERSION='2.15.0.pre1'
LIPO=''
LN_S='ln -s'
LTLIBOBJS=''
LT_SYS_LIBRARY_PATH=''
MAKEINFO='${SHELL} /mnt/e/libvaworkspace/libva-utils/missing makeinfo'
MANIFEST_TOOL=':'
MKDIR_P='/usr/bin/mkdir -p'
NM='/usr/bin/nm -B'
NMEDIT=''
OBJDUMP='objdump'
OBJEXT='o'
OTOOL64=''
OTOOL=''
PACKAGE='libva-utils'
PACKAGE_BUGREPORT='https://github.com/intel/libva-utils/issues/new'
PACKAGE_NAME='libva_utils'
PACKAGE_STRING='libva_utils 2.15.0.pre1'
PACKAGE_TARNAME='libva-utils'
PACKAGE_URL='https://github.com/intel/libva-utils'
PACKAGE_VERSION='2.15.0.pre1'
PATH_SEPARATOR=':'
PKG_CONFIG='/usr/bin/pkg-config'
PKG_CONFIG_LIBDIR=''
PKG_CONFIG_PATH=''
RANLIB='ranlib'
SED='/usr/bin/sed'
SET_MAKE=''
SHELL='/bin/bash'
STRIP='strip'
TODAY='Mon, 09 May 2022 11:46:42 +0800'
USE_DRM_FALSE='#'
USE_DRM_TRUE=''
USE_SSP_FALSE='#'
USE_SSP_TRUE=''
USE_WAYLAND_FALSE=''
USE_WAYLAND_TRUE='#'
USE_X11_FALSE='#'
USE_X11_TRUE=''
VERSION='2.15.0.pre1'
WAYLAND_API_VERSION='1.0.0'
WAYLAND_CFLAGS=''
WAYLAND_LIBS=''
WAYLAND_SCANNER=''
X11_CFLAGS=''
X11_LIBS='-lX11 -lva-x11 -lva'
ac_ct_AR='ar'
ac_ct_CC='gcc'
ac_ct_CXX='g++'
ac_ct_DUMPBIN=''
am__EXEEXT_FALSE=''
am__EXEEXT_TRUE='#'
am__fastdepCC_FALSE='#'
am__fastdepCC_TRUE=''
am__fastdepCXX_FALSE='#'
am__fastdepCXX_TRUE=''
am__include='include'
am__isrc=''
am__leading_dot='.'
am__nodep='_no'
am__quote=''
am__tar='$${TAR-tar} chof - "$$tardir"'
am__untar='$${TAR-tar} xf -'
bindir='${exec_prefix}/bin'
build='x86_64-pc-linux-gnu'
build_alias=''
build_cpu='x86_64'
build_os='linux-gnu'
build_vendor='pc'
datadir='${datarootdir}'
datarootdir='${prefix}/share'
docdir='${datarootdir}/doc/${PACKAGE_TARNAME}'
dvidir='${docdir}'
exec_prefix='${prefix}'
host='x86_64-pc-linux-gnu'
host_alias=''
host_cpu='x86_64'
host_os='linux-gnu'
host_vendor='pc'
htmldir='${docdir}'
includedir='${prefix}/include'
infodir='${datarootdir}/info'
install_sh='${SHELL} /mnt/e/libvaworkspace/libva-utils/install-sh'
libdir='${exec_prefix}/lib'
libexecdir='${exec_prefix}/libexec'
localedir='${datarootdir}/locale'
localstatedir='${prefix}/var'
mandir='${datarootdir}/man'
mkdir_p='$(MKDIR_P)'
oldincludedir='/usr/include'
pdfdir='${docdir}'
pkgconfigdir='${exec_prefix}/lib/pkgconfig'
prefix='/usr/local'
program_transform_name='s,x,x,'
psdir='${docdir}'
runstatedir='${localstatedir}/run'
sbindir='${exec_prefix}/sbin'
sharedstatedir='${prefix}/com'
sysconfdir='${prefix}/etc'
target_alias=''

## ----------- ##
## confdefs.h. ##
## ----------- ##

/* confdefs.h */
#define PACKAGE_NAME "libva_utils"
#define PACKAGE_TARNAME "libva-utils"
#define PACKAGE_VERSION "2.15.0.pre1"
#define PACKAGE_STRING "libva_utils 2.15.0.pre1"
#define PACKAGE_BUGREPORT "https://github.com/intel/libva-utils/issues/new"
#define PACKAGE_URL "https://github.com/intel/libva-utils"
#define PACKAGE "libva-utils"
#define VERSION "2.15.0.pre1"
#define STDC_HEADERS 1
#define HAVE_SYS_TYPES_H 1
#define HAVE_SYS_STAT_H 1
#define HAVE_STDLIB_H 1
#define HAVE_STRING_H 1
#define HAVE_MEMORY_H 1
#define HAVE_STRINGS_H 1
#define HAVE_INTTYPES_H 1
#define HAVE_STDINT_H 1
#define HAVE_UNISTD_H 1
#define HAVE_DLFCN_H 1
#define LT_OBJDIR ".libs/"
#define STDC_HEADERS 1
#define HAVE_GNUC_VISIBILITY_ATTRIBUTE 1
#define ENABLE_SSP_CC 1
#define HAVE_VA_DRM 1
#define HAVE_VA_X11 1

configure: exit 0
